<?xml version="1.0" encoding="UTF-8"?>
<testng-results skipped="0" failed="0" ignored="0" total="1" passed="1">
  <reporter-output>
  </reporter-output>
  <suite name="Command line suite" duration-ms="15" started-at="2017-12-06T12:07:41Z" finished-at="2017-12-06T12:07:41Z">
    <groups>
    </groups>
    <test name="Command line test" duration-ms="15" started-at="2017-12-06T12:07:41Z" finished-at="2017-12-06T12:07:41Z">
      <class name="MavenDemoGrpID.MavenDemo.AppTest">
        <test-method status="PASS" signature="testApp()[pri:0, instance:testApp(MavenDemoGrpID.MavenDemo.AppTest)]" name="testApp" duration-ms="0" started-at="2017-12-06T17:37:41Z" finished-at="2017-12-06T17:37:41Z">
          <reporter-output>
          </reporter-output>
        </test-method> <!-- testApp -->
      </class> <!-- MavenDemoGrpID.MavenDemo.AppTest -->
    </test> <!-- Command line test -->
  </suite> <!-- Command line suite -->
</testng-results>
