<?xml version="1.0" encoding="UTF-8"?>
<testng-results skipped="0" failed="0" ignored="0" total="0" passed="0">
  <reporter-output>
  </reporter-output>
  <suite name="MavenDemoGrpID.MavenDemo.AppTest" duration-ms="4" started-at="2017-11-24T10:46:36Z" finished-at="2017-11-24T10:46:36Z">
    <groups>
    </groups>
    <test name="Command line test" duration-ms="4" started-at="2017-11-24T10:46:36Z" finished-at="2017-11-24T10:46:36Z">
    </test> <!-- Command line test -->
  </suite> <!-- MavenDemoGrpID.MavenDemo.AppTest -->
</testng-results>
